<?xml version="1.0" encoding="UTF-8"?>
<!-- Generated by org.testng.reporters.JUnitReportReporter -->
<testsuite hostname="DESKTOP-JD55J81" failures="0" tests="1" name="testcases.CASuploadTest" time="68.165" errors="0" timestamp="2021-09-20T10:07:32 IST" skipped="0">
  <testcase classname="testcases.CASuploadTest" name="casUploadTest" time="68.165"/>
  <system-out/>
</testsuite> <!-- testcases.CASuploadTest -->
