<?xml version="1.0" encoding="UTF-8"?>
<!-- Generated by org.testng.reporters.JUnitReportReporter -->
<testsuite hostname="DESKTOP-JD55J81" failures="0" tests="1" name="testcases.LoginTest" time="2.546" errors="0" timestamp="2021-09-14T15:53:22 IST" skipped="0">
  <testcase classname="testcases.LoginTest" name="doLogin" time="2.546"/>
  <system-out>
    <![CDATA[Login Sucessfull]]>
  </system-out>
</testsuite> <!-- testcases.LoginTest -->
