<?xml version="1.0" encoding="UTF-8"?>
<!-- Generated by org.testng.reporters.JUnitReportReporter -->
<testsuite skipped="0" hostname="ANSHUMANLAPTOOP" name="testcases.AddTocartTest" tests="4" failures="0" timestamp="27 Feb 2020 08:40:19 GMT" time="189.206" errors="0">
  <testcase name="addGoalCart" time="58.559" classname="testcases.AddTocartTest"/>
  <testcase name="addQuickSIpCart" time="51.065" classname="testcases.AddTocartTest"/>
  <testcase name="addTaxPlanningCart" time="32.485" classname="testcases.AddTocartTest"/>
  <testcase name="addBestSaverCart" time="47.097" classname="testcases.AddTocartTest"/>
</testsuite> <!-- testcases.AddTocartTest -->
