<?xml version="1.0" encoding="UTF-8"?>
<!-- Generated by org.testng.reporters.JUnitReportReporter -->
<testsuite hostname="DESKTOP-JD55J81" failures="0" tests="1" name="testcases.ClientInvestementTabTest" time="70.831" errors="0" timestamp="2021-09-20T10:07:32 IST" skipped="0">
  <testcase classname="testcases.ClientInvestementTabTest" name="investmentTab" time="70.831"/>
  <system-out>
    <![CDATA[Goal investment open Successfully
Goal investment open Successfully
Client All Investment open Successfully
Client All Investment Account open  Successfully
Passbook Open  Successfully]]>
  </system-out>
</testsuite> <!-- testcases.ClientInvestementTabTest -->
