<?xml version="1.0" encoding="UTF-8"?>
<!-- Generated by org.testng.reporters.JUnitReportReporter -->
<testsuite skipped="0" hostname="ANSHUMANLAPTOOP" name="testcases.NewUserWithOutKYC" tests="2" failures="0" timestamp="29 Jun 2021 05:37:52 GMT" time="224.864" errors="0">
  <testcase name="goaltest" time="133.162" classname="testcases.NewUserWithOutKYC"/>
  <testcase name="quickSIPtest" time="91.702" classname="testcases.NewUserWithOutKYC"/>
</testsuite> <!-- testcases.NewUserWithOutKYC -->
