<?xml version="1.0" encoding="UTF-8"?>
<!-- Generated by org.testng.reporters.JUnitReportReporter -->
<testsuite hostname="DESKTOP-JD55J81" failures="0" tests="2" name="testcases.KYCtest" time="173.511" errors="0" timestamp="2022-07-30T10:52:50 IST" skipped="0">
  <testcase classname="testcases.KYCtest" name="websiteRegistarion" time="12.164"/>
  <system-out>
    <![CDATA[WebSite Registarion Done Successfully]]>
  </system-out>
  <testcase classname="testcases.KYCtest" name="allreadyKyc" time="161.347"/>
  <system-out/>
</testsuite> <!-- testcases.KYCtest -->
