<?xml version="1.0" encoding="UTF-8"?>
<!-- Generated by org.testng.reporters.JUnitReportReporter -->
<testsuite hostname="DESKTOP-JD55J81" failures="0" tests="1" name="testcases.CASuploadTest" time="0.000" errors="0" timestamp="2022-07-16T10:44:41 IST" skipped="0">
  <testcase classname="testcases.CASuploadTest" name="casUploadTest" time="0.000"/>
  <system-out/>
</testsuite> <!-- testcases.CASuploadTest -->
