<?xml version="1.0" encoding="UTF-8"?>
<!-- Generated by org.testng.reporters.JUnitReportReporter -->
<testsuite hostname="DESKTOP-JD55J81" failures="0" tests="3" name="testcases.NewUserWithKYC" time="418.329" errors="0" timestamp="2021-09-20T10:07:32 IST" skipped="0">
  <testcase classname="testcases.NewUserWithKYC" name="goalAddtocartTest" time="200.624"/>
  <system-out>
    <![CDATA[Goal add Successfully
Recommended Scheme one Time add Successfully
Recommended Scheme Monthly add Successfully
Search Scheme Monthly add Successfully
Search Scheme OneTime add Successfully]]>
  </system-out>
  <testcase classname="testcases.NewUserWithKYC" name="sipAddtocartTest" time="136.408"/>
  <system-out>
    <![CDATA[Quci SIP add Successfully
Recommended Scheme Monthly add Successfully
Search Scheme Monthly add Successfully]]>
  </system-out>
  <testcase classname="testcases.NewUserWithKYC" name="taxPlanningaddtoCart" time="81.297"/>
  <system-out>
    <![CDATA[Tax Planning added Successfully
Tax Planning Add to cart Successfully
Tax Planning remove Successfully]]>
  </system-out>
</testsuite> <!-- testcases.NewUserWithKYC -->
