<?xml version="1.0" encoding="UTF-8"?>
<!-- Generated by org.testng.reporters.JUnitReportReporter -->
<testsuite skipped="0" hostname="ANSHUMANLAPTOOP" name="testcases.AddSIPtest" tests="1" failures="0" timestamp="16 Mar 2020 12:06:57 GMT" time="43.865" errors="0">
  <testcase name="addSIP" time="43.865" classname="testcases.AddSIPtest"/>
</testsuite> <!-- testcases.AddSIPtest -->
