<?xml version="1.0" encoding="UTF-8"?>
<!-- Generated by org.testng.reporters.JUnitReportReporter -->
<testsuite skipped="0" hostname="ANSHUMANLAPTOOP" name="practics.ScreenShotLocation" tests="1" failures="0" timestamp="18 Feb 2020 08:39:09 GMT" time="0.016" errors="0">
  <testcase name="addLocation" time="0.016" classname="practics.ScreenShotLocation"/>
</testsuite> <!-- practics.ScreenShotLocation -->
