<?xml version="1.0" encoding="UTF-8"?>
<!-- Generated by org.testng.reporters.JUnitReportReporter -->
<testsuite hostname="DESKTOP-JD55J81" failures="0" tests="1" name="testcases.CASuploadTest" time="78.882" errors="0" timestamp="2022-07-30T10:52:50 IST" skipped="0">
  <testcase classname="testcases.CASuploadTest" name="casUploadTest" time="78.882"/>
  <system-out/>
</testsuite> <!-- testcases.CASuploadTest -->
