<?xml version="1.0" encoding="UTF-8"?>
<!-- Generated by org.testng.reporters.JUnitReportReporter -->
<testsuite skipped="0" hostname="ANSHUMANLAPTOOP" name="testcases.AddGoalTest" tests="1" failures="0" timestamp="24 Aug 2020 12:49:53 GMT" time="36.056" errors="0">
  <testcase name="testHomeGoal" time="36.056" classname="testcases.AddGoalTest"/>
</testsuite> <!-- testcases.AddGoalTest -->
