<?xml version="1.0" encoding="UTF-8"?>
<!-- Generated by org.testng.reporters.JUnitReportReporter -->
<testsuite hostname="DESKTOP-JD55J81" failures="0" tests="1" name="testcases.DashboardTest" time="50.248" errors="0" timestamp="2021-09-20T10:07:32 IST" skipped="0">
  <testcase classname="testcases.DashboardTest" name="dashboardTest" time="50.248"/>
  <system-out>
    <![CDATA[Client Short summery open Successfully
Client Full Allocation open Successfully
Client Quick SIP Button clickable Successfully
Client current goal investment open Successfully
Client Systamic Remainder open Successfully
Client start to investment open Successfully]]>
  </system-out>
</testsuite> <!-- testcases.DashboardTest -->
