<?xml version="1.0" encoding="UTF-8"?>
<!-- Generated by org.testng.reporters.JUnitReportReporter -->
<testsuite hostname="DESKTOP-JD55J81" failures="0" tests="1" name="testcases.PaymentGetwayTest" time="83.974" errors="0" timestamp="2021-09-20T10:07:32 IST" skipped="0">
  <testcase classname="testcases.PaymentGetwayTest" name="paymentGetwayTest" time="83.974"/>
  <system-out>
    <![CDATA[Net Banking Working Fine
Other Card working fine
UPI working fine]]>
  </system-out>
</testsuite> <!-- testcases.PaymentGetwayTest -->
